[Mon, 30 May 16 14:47:09 +0530][ERROR] 

 Application not create 
 a:8:{s:6:"iduser";s:1:"8";s:9:"from_date";s:10:"2016/05/17";s:7:"to_date";s:10:"2016/05/19";s:4:"type";s:1:"0";s:5:"title";s:9:"hgjhgkjhk";s:11:"description";s:0:"";s:6:"status";s:1:"0";s:11:"currentuser";s:1:"1";} 

 
[Mon, 30 May 16 14:48:19 +0530][ERROR] 

 Application not create 
 a:8:{s:6:"iduser";s:1:"8";s:9:"from_date";s:10:"2016/05/17";s:7:"to_date";s:10:"2016/05/19";s:4:"type";s:1:"0";s:5:"title";s:9:"hgjhgkjhk";s:11:"description";s:0:"";s:6:"status";s:1:"0";s:11:"currentuser";s:1:"1";} 

 
[Mon, 30 May 16 14:48:48 +0530][ERROR] 

 Application not create 
 a:8:{s:6:"iduser";s:1:"8";s:9:"from_date";s:10:"2016/05/23";s:7:"to_date";s:10:"2016/05/25";s:4:"type";s:1:"0";s:5:"title";s:5:"fgfdg";s:11:"description";s:0:"";s:6:"status";s:1:"0";s:11:"currentuser";s:1:"1";} 

 
[Mon, 30 May 16 14:49:38 +0530][ERROR] 

 Application not create 
 a:8:{s:6:"iduser";s:1:"1";s:9:"from_date";s:10:"2016/05/23";s:7:"to_date";s:10:"2016/05/25";s:4:"type";s:1:"0";s:5:"title";s:5:"fgfdg";s:11:"description";s:0:"";s:6:"status";s:1:"0";s:11:"currentuser";s:1:"1";} 

 
[Mon, 30 May 16 15:49:04 +0530][ERROR] 

 Application not update 
 a:8:{s:13:"idapplication";s:1:"3";s:6:"iduser";s:1:"8";s:9:"from_date";s:10:"2016/05/16";s:7:"to_date";s:10:"2016/05/19";s:4:"type";s:1:"4";s:5:"title";s:6:"hjhghg";s:11:"description";s:0:"";s:6:"status";s:1:"1";} 

 
[Mon, 30 May 16 15:49:25 +0530][ERROR] 

 Application not update 
 a:8:{s:13:"idapplication";s:1:"2";s:6:"iduser";s:1:"8";s:9:"from_date";s:10:"2016/05/22";s:7:"to_date";s:10:"2016/05/30";s:4:"type";s:1:"4";s:5:"title";s:6:"vcbvcb";s:11:"description";s:0:"";s:6:"status";s:1:"1";} 

 
[Mon, 30 May 16 15:57:25 +0530][ERROR] 

 Application not update 
 a:8:{s:13:"idapplication";s:1:"2";s:6:"iduser";s:1:"8";s:9:"from_date";s:10:"2016/05/22";s:7:"to_date";s:10:"2016/05/30";s:4:"type";s:1:"4";s:5:"title";s:6:"vcbvcb";s:11:"description";s:0:"";s:6:"status";s:1:"1";} 

 
[Mon, 30 May 16 16:00:00 +0530][ERROR] 

 Application not update 
 a:8:{s:13:"idapplication";s:1:"2";s:6:"iduser";s:1:"8";s:9:"from_date";s:10:"2016/05/22";s:7:"to_date";s:10:"2016/05/30";s:4:"type";s:1:"4";s:5:"title";s:6:"vcbvcb";s:11:"description";s:0:"";s:6:"status";s:1:"1";} 

 
[Mon, 30 May 16 16:01:12 +0530][ERROR] 

 Application not update 
 a:8:{s:13:"idapplication";s:1:"2";s:6:"iduser";s:1:"8";s:9:"from_date";s:10:"2016/05/22";s:7:"to_date";s:10:"2016/05/30";s:4:"type";s:1:"4";s:5:"title";s:6:"vcbvcb";s:11:"description";s:0:"";s:6:"status";s:1:"1";} 

 
[Mon, 30 May 16 16:04:20 +0530][ERROR] 

 Application not create 
 a:8:{s:6:"iduser";s:1:"8";s:9:"from_date";s:10:"2016/05/23";s:7:"to_date";s:10:"2016/05/24";s:4:"type";s:1:"4";s:5:"title";s:4:"fdyh";s:11:"description";s:4:"ghgh";s:6:"status";s:1:"0";s:11:"currentuser";s:1:"1";} 

 
