[Mon, 30 May 16 13:37:24 +0530][ERROR]  

 User login error 
 Username/Email = jagrati.sahu@sprytechies.com 
 password = 123456 
[Mon, 30 May 16 13:38:08 +0530][INFO]  

 User login successfully 
 Username/Email = jagrati.sahu@sprytechies.com 
 
[Mon, 30 May 16 15:02:08 +0530][INFO]  

 User login successfully 
 Username/Email = admin@eattendance.com 
 
[Tue, 31 May 16 09:54:29 +0530][INFO]  

 User login successfully 
 Username/Email = admin@eattendance.com 
 
[Tue, 31 May 16 10:51:46 +0530][INFO]  

 User login successfully 
 Username/Email = admin@eattendance.com 
 
[Mon, 06 Jun 16 16:40:55 +0530][INFO]  

 User login successfully 
 Username/Email = admin@eattendance.com 
 
[Mon, 13 Jun 16 17:19:55 +0530][INFO]  

 User login successfully 
 Username/Email = admin@eattendance.com 
 
[Mon, 13 Jun 16 17:28:31 +0530][INFO]  

 User login successfully 
 Username/Email = admin@eattendance.com 
 
